2024-12-27 17:17:28 [main] ERROR h.s.p.repo_service.PersonRepository - org.hibernate.query.sqm.ParsingException: line 1:7 no viable alternative at input '*'
2024-12-27 17:17:29 [main] ERROR h.s.p.repo_service.PersonRepository - org.hibernate.query.sqm.InterpretationException: Error interpreting query [FROM Persons WHERE id = :id]; this may indicate a semantic (user query) problem or a bug in the parser
2024-12-27 17:20:29 [main] ERROR h.s.p.repo_service.PersonRepository - org.hibernate.query.sqm.ParsingException: line 1:7 no viable alternative at input '*'
2024-12-27 17:20:31 [main] ERROR h.s.p.repo_service.PersonRepository - org.hibernate.query.sqm.ParsingException: line 1:7 no viable alternative at input '*'
2024-12-27 17:20:32 [main] ERROR h.s.p.repo_service.PersonRepository - org.hibernate.query.sqm.UnknownEntityException: Could not resolve entity name [Persons] as DML target
2024-12-27 17:22:09 [main] ERROR h.s.p.repo_service.PersonRepository - org.hibernate.query.sqm.ParsingException: line 1:7 no viable alternative at input '*'
2024-12-27 17:22:11 [main] ERROR h.s.p.repo_service.PersonRepository - org.hibernate.query.sqm.ParsingException: line 1:7 no viable alternative at input '*'
2024-12-27 17:22:12 [main] ERROR h.s.p.repo_service.PersonRepository - org.hibernate.query.sqm.ParsingException: line 1:7 no viable alternative at input '*'
2024-12-27 17:23:04 [main] ERROR h.s.p.repo_service.PersonRepository - org.hibernate.query.sqm.ParsingException: line 1:7 no viable alternative at input '*'
2024-12-27 17:23:07 [main] ERROR h.s.p.repo_service.PersonRepository - org.hibernate.query.sqm.ParsingException: line 1:7 no viable alternative at input '*'
2024-12-27 17:23:08 [main] ERROR h.s.p.repo_service.PersonRepository - org.hibernate.query.sqm.ParsingException: line 1:7 no viable alternative at input '*'
2024-12-27 17:37:03 [main] ERROR h.s.p.repo_service.PersonRepository - org.hibernate.query.sqm.InterpretationException: Error interpreting query [FROM Persons]; this may indicate a semantic (user query) problem or a bug in the parser
2024-12-27 17:37:05 [main] ERROR h.s.p.repo_service.PersonRepository - org.hibernate.query.sqm.InterpretationException: Error interpreting query [FROM Persons]; this may indicate a semantic (user query) problem or a bug in the parser
2024-12-27 17:37:06 [main] ERROR h.s.p.repo_service.PersonRepository - org.hibernate.query.sqm.ParsingException: line 1:7 no viable alternative at input '*'
2024-12-27 17:37:40 [main] ERROR h.s.p.repo_service.PersonRepository - org.hibernate.query.sqm.InterpretationException: Error interpreting query [FROM Persons]; this may indicate a semantic (user query) problem or a bug in the parser
2024-12-27 17:41:39 [main] ERROR h.s.p.repo_service.PersonRepository - Ошибка при чтении из базы данных: org.hibernate.query.sqm.InterpretationException: Error interpreting query [FROM Persons]; this may indicate a semantic (user query) problem or a bug in the parser
2024-12-27 17:43:16 [main] ERROR h.s.p.repo_service.PersonRepository - org.hibernate.query.sqm.InterpretationException: Error interpreting query [SELECT FROM Person WHERE id = :id]; this may indicate a semantic (user query) problem or a bug in the parser
2024-12-27 17:44:53 [main] ERROR h.s.p.repo_service.PersonRepository - Ошибка при получении из базы данных по id: org.hibernate.query.sqm.InterpretationException: Error interpreting query [SELECT FROM Person WHERE id = :id]; this may indicate a semantic (user query) problem or a bug in the parser
2024-12-27 18:09:30 [main] ERROR h.s.p.repo_service.PersonRepository - Ошибка при удалении из базы данных: Unknown entity: java.util.ArrayList
2024-12-27 18:11:46 [main] ERROR h.s.p.repo_service.PersonRepository - Ошибка при удалении из базы данных: Unknown entity: java.util.ArrayList
2024-12-27 18:13:00 [main] ERROR h.s.p.repo_service.PersonRepository - Ошибка при удалении из базы данных: Unknown entity: java.util.ArrayList
2024-12-27 18:25:55 [main] ERROR h.s.p.repo_service.PersonRepository - Ошибка при удалении из базы данных: Unknown entity: java.util.ArrayList
