2024-12-27 16:43:30 [main] INFO  h.s.p.repo_service.PersonRepository - Сохранение персоны:Id: 1, Name: Иван, Last Name: Иванович, Surname: Иванов, Age: 34, Date of birth: 1990-08-16, Phone: +7(876)987-87-87, Email: ivan@ivanovicn.org
2024-12-27 17:07:16 [main] INFO  h.s.p.repo_service.PersonRepository - Сохранение персоны:Id: 2, Name: Ivan, Last Name: Ivanovich, Surname: Ivanov, Age: 34, Date of birth: 1990-06-16, Phone: +7(987)987-87-87, Email: ivan@ivanovich.org
2024-12-27 17:37:06 [main] INFO  h.s.p.repo_service.PersonRepository - Удаляем персону по id1: null
2024-12-27 17:42:15 [Thread-1] INFO  h.s.p.repo_service.PersonRepository - Получили персону:Id: 1, Name: Иван, Last Name: Иванович, Surname: Иванов, Age: 34, Date of birth: 1990-08-16, Phone: +7(876)987-87-87, Email: ivan@ivanovicn.org
2024-12-27 17:42:15 [Thread-1] INFO  h.s.p.repo_service.PersonRepository - Получили персону:Id: 2, Name: Ivan, Last Name: Ivanovich, Surname: Ivanov, Age: 34, Date of birth: 1990-06-16, Phone: +7(987)987-87-87, Email: ivan@ivanovich.org
2024-12-27 17:43:11 [Thread-1] INFO  h.s.p.repo_service.PersonRepository - Получили персону:Id: 1, Name: Иван, Last Name: Иванович, Surname: Иванов, Age: 34, Date of birth: 1990-08-16, Phone: +7(876)987-87-87, Email: ivan@ivanovicn.org
2024-12-27 17:43:11 [Thread-1] INFO  h.s.p.repo_service.PersonRepository - Получили персону:Id: 2, Name: Ivan, Last Name: Ivanovich, Surname: Ivanov, Age: 34, Date of birth: 1990-06-16, Phone: +7(987)987-87-87, Email: ivan@ivanovich.org
2024-12-27 17:43:12 [Thread-2] INFO  h.s.p.repo_service.PersonRepository - Получили персону:Id: 1, Name: Иван, Last Name: Иванович, Surname: Иванов, Age: 34, Date of birth: 1990-08-16, Phone: +7(876)987-87-87, Email: ivan@ivanovicn.org
2024-12-27 17:43:12 [Thread-2] INFO  h.s.p.repo_service.PersonRepository - Получили персону:Id: 2, Name: Ivan, Last Name: Ivanovich, Surname: Ivanov, Age: 34, Date of birth: 1990-06-16, Phone: +7(987)987-87-87, Email: ivan@ivanovich.org
2024-12-27 17:43:16 [main] INFO  h.s.p.repo_service.PersonRepository - Удаляем персону по id1: null
2024-12-27 17:43:18 [Thread-3] INFO  h.s.p.repo_service.PersonRepository - Получили персону:Id: 1, Name: Иван, Last Name: Иванович, Surname: Иванов, Age: 34, Date of birth: 1990-08-16, Phone: +7(876)987-87-87, Email: ivan@ivanovicn.org
2024-12-27 17:43:18 [Thread-3] INFO  h.s.p.repo_service.PersonRepository - Получили персону:Id: 2, Name: Ivan, Last Name: Ivanovich, Surname: Ivanov, Age: 34, Date of birth: 1990-06-16, Phone: +7(987)987-87-87, Email: ivan@ivanovich.org
2024-12-27 17:44:52 [Thread-1] INFO  h.s.p.repo_service.PersonRepository - Получили персону:Id: 1, Name: Иван, Last Name: Иванович, Surname: Иванов, Age: 34, Date of birth: 1990-08-16, Phone: +7(876)987-87-87, Email: ivan@ivanovicn.org
2024-12-27 17:44:52 [Thread-1] INFO  h.s.p.repo_service.PersonRepository - Получили персону:Id: 2, Name: Ivan, Last Name: Ivanovich, Surname: Ivanov, Age: 34, Date of birth: 1990-06-16, Phone: +7(987)987-87-87, Email: ivan@ivanovich.org
2024-12-27 17:44:53 [main] INFO  h.s.p.repo_service.PersonRepository - Удаляем персону по id1: null
2024-12-27 17:47:42 [Thread-1] INFO  h.s.p.repo_service.PersonRepository - Получили персону:Id: 1, Name: Иван, Last Name: Иванович, Surname: Иванов, Age: 34, Date of birth: 1990-08-16, Phone: +7(876)987-87-87, Email: ivan@ivanovicn.org
2024-12-27 17:47:42 [Thread-1] INFO  h.s.p.repo_service.PersonRepository - Получили персону:Id: 2, Name: Ivan, Last Name: Ivanovich, Surname: Ivanov, Age: 34, Date of birth: 1990-06-16, Phone: +7(987)987-87-87, Email: ivan@ivanovich.org
2024-12-27 17:47:45 [main] INFO  h.s.p.repo_service.PersonRepository - Удаляем персону по id1: Id: 1, Name: Иван, Last Name: Иванович, Surname: Иванов, Age: 34, Date of birth: 1990-08-16, Phone: +7(876)987-87-87, Email: ivan@ivanovicn.org
2024-12-27 17:47:47 [Thread-2] INFO  h.s.p.repo_service.PersonRepository - Получили персону:Id: 1, Name: Иван, Last Name: Иванович, Surname: Иванов, Age: 34, Date of birth: 1990-08-16, Phone: +7(876)987-87-87, Email: ivan@ivanovicn.org
2024-12-27 17:47:47 [Thread-2] INFO  h.s.p.repo_service.PersonRepository - Получили персону:Id: 2, Name: Ivan, Last Name: Ivanovich, Surname: Ivanov, Age: 34, Date of birth: 1990-06-16, Phone: +7(987)987-87-87, Email: ivan@ivanovich.org
2024-12-27 17:53:17 [Thread-1] INFO  h.s.p.repo_service.PersonRepository - Получили персону:Id: 1, Name: Иван, Last Name: Иванович, Surname: Иванов, Age: 34, Date of birth: 1990-08-16, Phone: +7(876)987-87-87, Email: ivan@ivanovicn.org
2024-12-27 17:53:17 [Thread-1] INFO  h.s.p.repo_service.PersonRepository - Получили персону:Id: 2, Name: Ivan, Last Name: Ivanovich, Surname: Ivanov, Age: 34, Date of birth: 1990-06-16, Phone: +7(987)987-87-87, Email: ivan@ivanovich.org
2024-12-27 17:53:19 [main] INFO  h.s.p.repo_service.PersonRepository - Удаляем персону по id1: Id: 1, Name: Иван, Last Name: Иванович, Surname: Иванов, Age: 34, Date of birth: 1990-08-16, Phone: +7(876)987-87-87, Email: ivan@ivanovicn.org
2024-12-27 17:53:22 [Thread-2] INFO  h.s.p.repo_service.PersonRepository - Получили персону:Id: 1, Name: Иван, Last Name: Иванович, Surname: Иванов, Age: 34, Date of birth: 1990-08-16, Phone: +7(876)987-87-87, Email: ivan@ivanovicn.org
2024-12-27 17:53:22 [Thread-2] INFO  h.s.p.repo_service.PersonRepository - Получили персону:Id: 2, Name: Ivan, Last Name: Ivanovich, Surname: Ivanov, Age: 34, Date of birth: 1990-06-16, Phone: +7(987)987-87-87, Email: ivan@ivanovich.org
2024-12-27 17:58:36 [Thread-1] INFO  h.s.p.repo_service.PersonRepository - Получили персону:Id: 1, Name: Иван, Last Name: Иванович, Surname: Иванов, Age: 34, Date of birth: 1990-08-16, Phone: +7(876)987-87-87, Email: ivan@ivanovicn.org
2024-12-27 17:58:36 [Thread-1] INFO  h.s.p.repo_service.PersonRepository - Получили персону:Id: 2, Name: Ivan, Last Name: Ivanovich, Surname: Ivanov, Age: 34, Date of birth: 1990-06-16, Phone: +7(987)987-87-87, Email: ivan@ivanovich.org
2024-12-27 17:58:37 [main] INFO  h.s.p.repo_service.PersonRepository - Выполняем запрос: FROM Person p WHERE p.id = :id
2024-12-27 17:58:37 [main] INFO  h.s.p.repo_service.PersonRepository - Удаляем персону по id1: Id: 1, Name: Иван, Last Name: Иванович, Surname: Иванов, Age: 34, Date of birth: 1990-08-16, Phone: +7(876)987-87-87, Email: ivan@ivanovicn.org
2024-12-27 17:58:40 [Thread-2] INFO  h.s.p.repo_service.PersonRepository - Получили персону:Id: 1, Name: Иван, Last Name: Иванович, Surname: Иванов, Age: 34, Date of birth: 1990-08-16, Phone: +7(876)987-87-87, Email: ivan@ivanovicn.org
2024-12-27 17:58:40 [Thread-2] INFO  h.s.p.repo_service.PersonRepository - Получили персону:Id: 2, Name: Ivan, Last Name: Ivanovich, Surname: Ivanov, Age: 34, Date of birth: 1990-06-16, Phone: +7(987)987-87-87, Email: ivan@ivanovich.org
2024-12-27 18:09:28 [Thread-1] INFO  h.s.p.repo_service.PersonRepository - Получили персону:Id: 1, Name: Иван, Last Name: Иванович, Surname: Иванов, Age: 34, Date of birth: 1990-08-16, Phone: +7(876)987-87-87, Email: ivan@ivanovicn.org
2024-12-27 18:09:28 [Thread-1] INFO  h.s.p.repo_service.PersonRepository - Получили персону:Id: 2, Name: Ivan, Last Name: Ivanovich, Surname: Ivanov, Age: 34, Date of birth: 1990-06-16, Phone: +7(987)987-87-87, Email: ivan@ivanovich.org
2024-12-27 18:09:30 [main] INFO  h.s.p.repo_service.PersonRepository - Удаляем персону по id 1: Id: 1, Name: Иван, Last Name: Иванович, Surname: Иванов, Age: 34, Date of birth: 1990-08-16, Phone: +7(876)987-87-87, Email: ivan@ivanovicn.org
2024-12-27 18:09:33 [Thread-2] INFO  h.s.p.repo_service.PersonRepository - Получили персону:Id: 1, Name: Иван, Last Name: Иванович, Surname: Иванов, Age: 34, Date of birth: 1990-08-16, Phone: +7(876)987-87-87, Email: ivan@ivanovicn.org
2024-12-27 18:09:33 [Thread-2] INFO  h.s.p.repo_service.PersonRepository - Получили персону:Id: 2, Name: Ivan, Last Name: Ivanovich, Surname: Ivanov, Age: 34, Date of birth: 1990-06-16, Phone: +7(987)987-87-87, Email: ivan@ivanovich.org
2024-12-27 18:11:45 [Thread-1] INFO  h.s.p.repo_service.PersonRepository - Получили персону:Id: 1, Name: Иван, Last Name: Иванович, Surname: Иванов, Age: 34, Date of birth: 1990-08-16, Phone: +7(876)987-87-87, Email: ivan@ivanovicn.org
2024-12-27 18:11:45 [Thread-1] INFO  h.s.p.repo_service.PersonRepository - Получили персону:Id: 2, Name: Ivan, Last Name: Ivanovich, Surname: Ivanov, Age: 34, Date of birth: 1990-06-16, Phone: +7(987)987-87-87, Email: ivan@ivanovich.org
2024-12-27 18:11:46 [main] INFO  h.s.p.repo_service.PersonRepository - Удаляем персону по id 1: Id: 1, Name: Иван, Last Name: Иванович, Surname: Иванов, Age: 34, Date of birth: 1990-08-16, Phone: +7(876)987-87-87, Email: ivan@ivanovicn.org
2024-12-27 18:11:48 [Thread-2] INFO  h.s.p.repo_service.PersonRepository - Получили персону:Id: 1, Name: Иван, Last Name: Иванович, Surname: Иванов, Age: 34, Date of birth: 1990-08-16, Phone: +7(876)987-87-87, Email: ivan@ivanovicn.org
2024-12-27 18:11:48 [Thread-2] INFO  h.s.p.repo_service.PersonRepository - Получили персону:Id: 2, Name: Ivan, Last Name: Ivanovich, Surname: Ivanov, Age: 34, Date of birth: 1990-06-16, Phone: +7(987)987-87-87, Email: ivan@ivanovich.org
2024-12-27 18:12:59 [Thread-1] INFO  h.s.p.repo_service.PersonRepository - Получили персону:Id: 1, Name: Иван, Last Name: Иванович, Surname: Иванов, Age: 34, Date of birth: 1990-08-16, Phone: +7(876)987-87-87, Email: ivan@ivanovicn.org
2024-12-27 18:12:59 [Thread-1] INFO  h.s.p.repo_service.PersonRepository - Получили персону:Id: 2, Name: Ivan, Last Name: Ivanovich, Surname: Ivanov, Age: 34, Date of birth: 1990-06-16, Phone: +7(987)987-87-87, Email: ivan@ivanovich.org
2024-12-27 18:13:00 [main] INFO  h.s.p.repo_service.PersonRepository - Удаляем персону по id 1: Id: 1, Name: Иван, Last Name: Иванович, Surname: Иванов, Age: 34, Date of birth: 1990-08-16, Phone: +7(876)987-87-87, Email: ivan@ivanovicn.org
2024-12-27 18:13:02 [Thread-2] INFO  h.s.p.repo_service.PersonRepository - Получили персону:Id: 1, Name: Иван, Last Name: Иванович, Surname: Иванов, Age: 34, Date of birth: 1990-08-16, Phone: +7(876)987-87-87, Email: ivan@ivanovicn.org
2024-12-27 18:13:02 [Thread-2] INFO  h.s.p.repo_service.PersonRepository - Получили персону:Id: 2, Name: Ivan, Last Name: Ivanovich, Surname: Ivanov, Age: 34, Date of birth: 1990-06-16, Phone: +7(987)987-87-87, Email: ivan@ivanovich.org
2024-12-27 18:25:11 [Thread-1] INFO  h.s.p.repo_service.PersonRepository - Получили персону:Id: 1, Name: Иван, Last Name: Иванович, Surname: Иванов, Age: 34, Date of birth: 1990-08-16, Phone: +7(876)987-87-87, Email: ivan@ivanovicn.org
2024-12-27 18:25:11 [Thread-1] INFO  h.s.p.repo_service.PersonRepository - Получили персону:Id: 2, Name: Ivan, Last Name: Ivanovich, Surname: Ivanov, Age: 34, Date of birth: 1990-06-16, Phone: +7(987)987-87-87, Email: ivan@ivanovich.org
2024-12-27 18:25:12 [main] INFO  h.s.p.repo_service.PersonRepository - Удаляем персону по id 1: Id: 1, Name: Иван, Last Name: Иванович, Surname: Иванов, Age: 34, Date of birth: 1990-08-16, Phone: +7(876)987-87-87, Email: ivan@ivanovicn.org
2024-12-27 18:25:14 [Thread-2] INFO  h.s.p.repo_service.PersonRepository - Получили персону:Id: 2, Name: Ivan, Last Name: Ivanovich, Surname: Ivanov, Age: 34, Date of birth: 1990-06-16, Phone: +7(987)987-87-87, Email: ivan@ivanovich.org
2024-12-27 18:25:46 [Thread-1] INFO  h.s.p.repo_service.PersonRepository - Получили персону:Id: 2, Name: Ivan, Last Name: Ivanovich, Surname: Ivanov, Age: 34, Date of birth: 1990-06-16, Phone: +7(987)987-87-87, Email: ivan@ivanovich.org
2024-12-27 18:25:53 [Thread-2] INFO  h.s.p.repo_service.PersonRepository - Получили персону:Id: 2, Name: Ivan, Last Name: Ivanovich, Surname: Ivanov, Age: 34, Date of birth: 1990-06-16, Phone: +7(987)987-87-87, Email: ivan@ivanovich.org
2024-12-27 18:25:55 [main] INFO  h.s.p.repo_service.PersonRepository - Удаляем персону по id 2: Id: 2, Name: Ivan, Last Name: Ivanovich, Surname: Ivanov, Age: 34, Date of birth: 1990-06-16, Phone: +7(987)987-87-87, Email: ivan@ivanovich.org
2024-12-27 18:25:56 [Thread-3] INFO  h.s.p.repo_service.PersonRepository - Получили персону:Id: 2, Name: Ivan, Last Name: Ivanovich, Surname: Ivanov, Age: 34, Date of birth: 1990-06-16, Phone: +7(987)987-87-87, Email: ivan@ivanovich.org
2024-12-27 18:26:38 [Thread-1] INFO  h.s.p.repo_service.PersonRepository - Получили персону:Id: 2, Name: Ivan, Last Name: Ivanovich, Surname: Ivanov, Age: 34, Date of birth: 1990-06-16, Phone: +7(987)987-87-87, Email: ivan@ivanovich.org
2024-12-27 18:27:42 [main] INFO  h.s.p.repo_service.PersonRepository - Сохранение персоны:Id: 3, Name: Roma, Last Name: Romanovich, Surname: Romanov, Age: 37, Date of birth: 1987-01-23, Phone: roma@romanovich.org, Email: roma@romanovich.org
2024-12-27 18:27:45 [Thread-2] INFO  h.s.p.repo_service.PersonRepository - Получили персону:Id: 2, Name: Ivan, Last Name: Ivanovich, Surname: Ivanov, Age: 34, Date of birth: 1990-06-16, Phone: +7(987)987-87-87, Email: ivan@ivanovich.org
2024-12-27 18:27:45 [Thread-2] INFO  h.s.p.repo_service.PersonRepository - Получили персону:Id: 3, Name: Roma, Last Name: Romanovich, Surname: Romanov, Age: 37, Date of birth: 1987-01-23, Phone: roma@romanovich.org, Email: roma@romanovich.org
2024-12-27 18:28:07 [main] INFO  h.s.p.repo_service.PersonRepository - Выполняем запрос: FROM Person p WHERE p.id = :id
2024-12-27 18:28:25 [main] INFO  h.s.p.repo_service.PersonRepository - Измененный объект:Id: 3, Name: Roma, Last Name: Romanovich, Surname: Romanov, Age: 37, Date of birth: 1987-01-23, Phone: +7(987)543-43-43, Email: roma@romanovich.org
2024-12-27 18:28:35 [main] INFO  h.s.p.repo_service.PersonRepository - Измененный объект:Id: 3, Name: Roma, Last Name: Romanovich, Surname: Romanov, Age: 37, Date of birth: 1987-01-23, Phone: +7(987)543-43-43, Email: roma@romanovich.org
2024-12-27 18:29:01 [Thread-1] INFO  h.s.p.repo_service.PersonRepository - Получили персону:Id: 2, Name: Ivan, Last Name: Ivanovich, Surname: Ivanov, Age: 34, Date of birth: 1990-06-16, Phone: +7(987)987-87-87, Email: ivan@ivanovich.org
2024-12-27 18:29:01 [Thread-1] INFO  h.s.p.repo_service.PersonRepository - Получили персону:Id: 3, Name: Roma, Last Name: Romanovich, Surname: Romanov, Age: 37, Date of birth: 1987-01-23, Phone: +7(987)543-43-43, Email: roma@romanovich.org
2024-12-27 18:29:24 [Thread-2] INFO  h.s.p.repo_service.PersonRepository - Получили персону:Id: 2, Name: Ivan, Last Name: Ivanovich, Surname: Ivanov, Age: 34, Date of birth: 1990-06-16, Phone: +7(987)987-87-87, Email: ivan@ivanovich.org
2024-12-27 18:29:24 [Thread-2] INFO  h.s.p.repo_service.PersonRepository - Получили персону:Id: 3, Name: Roma, Last Name: Romanovich, Surname: Romanov, Age: 37, Date of birth: 1987-01-23, Phone: +7(987)543-43-43, Email: roma@romanovich.org
2024-12-27 18:35:52 [main] INFO  h.s.p.repo_service.PersonRepository - Сохранение персоны:Id: 4, Name: Egor, Last Name: Egorovich, Surname: Egorov, Age: 46, Date of birth: 1978-01-23, Phone: +7(321)423-32-32, Email: egor@egorovich.org
2024-12-27 18:35:55 [Thread-1] INFO  h.s.p.repo_service.PersonRepository - Получили персону:Id: 2, Name: Ivan, Last Name: Ivanovich, Surname: Ivanov, Age: 34, Date of birth: 1990-06-16, Phone: +7(987)987-87-87, Email: ivan@ivanovich.org
2024-12-27 18:35:55 [Thread-1] INFO  h.s.p.repo_service.PersonRepository - Получили персону:Id: 3, Name: Roma, Last Name: Romanovich, Surname: Romanov, Age: 37, Date of birth: 1987-01-23, Phone: +7(987)543-43-43, Email: roma@romanovich.org
2024-12-27 18:35:55 [Thread-1] INFO  h.s.p.repo_service.PersonRepository - Получили персону:Id: 4, Name: Egor, Last Name: Egorovich, Surname: Egorov, Age: 46, Date of birth: 1978-01-23, Phone: +7(321)423-32-32, Email: egor@egorovich.org
