2024-12-27 15:56:29 [main] INFO  org.hibernate.Version - HHH000412: Hibernate ORM core version 6.0.0.Alpha7
2024-12-27 15:56:29 [main] INFO  o.h.annotations.common.Version - HCANN000001: Hibernate Commons Annotations {5.1.2.Final}
2024-12-27 15:56:29 [main] INFO  o.hibernate.orm.connections.pooling - HHH10001005: Loaded JDBC driver class: com.mysql.cj.jdbc.Driver
2024-12-27 15:56:29 [main] INFO  o.hibernate.orm.connections.pooling - HHH10001012: Connecting with JDBC URL [jdbc:mysql://localhost:3307/test]
2024-12-27 15:56:29 [main] INFO  o.hibernate.orm.connections.pooling - HHH10001001: Connection properties: {password=wisp0423, user=michael}
2024-12-27 15:56:29 [main] INFO  o.hibernate.orm.connections.pooling - HHH10001003: Autocommit mode: false
2024-12-27 15:56:29 [main] INFO  o.hibernate.orm.connections.pooling - HHH10001115: Connection pool size: 20 (min=1)
2024-12-27 15:56:30 [main] INFO  org.hibernate.orm.connections.access - HHH10001501: Connection obtained from JdbcConnectionAccess [org.hibernate.engine.jdbc.env.internal.JdbcEnvironmentInitiator$ConnectionProviderJdbcConnectionAccess@570ba13] for (non-JTA) DDL execution was not in auto-commit mode; the Connection 'local transaction' will be committed and the Connection will be set into auto-commit mode.
2024-12-27 15:56:30 [main] INFO  o.h.e.t.j.p.i.JtaPlatformInitiator - HHH000490: Using JtaPlatform implementation: [org.hibernate.engine.transaction.jta.platform.internal.NoJtaPlatform]
2024-12-27 15:59:40 [main] INFO  org.hibernate.Version - HHH000412: Hibernate ORM core version 6.0.0.Alpha7
2024-12-27 15:59:41 [main] INFO  o.h.annotations.common.Version - HCANN000001: Hibernate Commons Annotations {5.1.2.Final}
2024-12-27 15:59:41 [main] INFO  o.hibernate.orm.connections.pooling - HHH10001005: Loaded JDBC driver class: com.mysql.cj.jdbc.Driver
2024-12-27 15:59:41 [main] INFO  o.hibernate.orm.connections.pooling - HHH10001012: Connecting with JDBC URL [jdbc:mysql://localhost:3307/test]
2024-12-27 15:59:41 [main] INFO  o.hibernate.orm.connections.pooling - HHH10001001: Connection properties: {password=wisp0423, user=michael}
2024-12-27 15:59:41 [main] INFO  o.hibernate.orm.connections.pooling - HHH10001003: Autocommit mode: false
2024-12-27 15:59:41 [main] INFO  o.hibernate.orm.connections.pooling - HHH10001115: Connection pool size: 20 (min=1)
2024-12-27 15:59:43 [main] INFO  org.hibernate.orm.connections.access - HHH10001501: Connection obtained from JdbcConnectionAccess [org.hibernate.engine.jdbc.env.internal.JdbcEnvironmentInitiator$ConnectionProviderJdbcConnectionAccess@67328bcb] for (non-JTA) DDL execution was not in auto-commit mode; the Connection 'local transaction' will be committed and the Connection will be set into auto-commit mode.
2024-12-27 15:59:43 [main] INFO  o.h.e.t.j.p.i.JtaPlatformInitiator - HHH000490: Using JtaPlatform implementation: [org.hibernate.engine.transaction.jta.platform.internal.NoJtaPlatform]
2024-12-27 16:00:56 [main] INFO  org.hibernate.Version - HHH000412: Hibernate ORM core version 6.0.0.Alpha7
2024-12-27 16:00:56 [main] INFO  o.h.annotations.common.Version - HCANN000001: Hibernate Commons Annotations {5.1.2.Final}
2024-12-27 16:00:56 [main] INFO  o.hibernate.orm.connections.pooling - HHH10001005: Loaded JDBC driver class: com.mysql.cj.jdbc.Driver
2024-12-27 16:00:56 [main] INFO  o.hibernate.orm.connections.pooling - HHH10001012: Connecting with JDBC URL [jdbc:mysql://localhost:3307/test]
2024-12-27 16:00:56 [main] INFO  o.hibernate.orm.connections.pooling - HHH10001001: Connection properties: {password=wisp0423, user=michael}
2024-12-27 16:00:56 [main] INFO  o.hibernate.orm.connections.pooling - HHH10001003: Autocommit mode: false
2024-12-27 16:00:56 [main] INFO  o.hibernate.orm.connections.pooling - HHH10001115: Connection pool size: 20 (min=1)
2024-12-27 16:00:57 [main] INFO  org.hibernate.orm.connections.access - HHH10001501: Connection obtained from JdbcConnectionAccess [org.hibernate.engine.jdbc.env.internal.JdbcEnvironmentInitiator$ConnectionProviderJdbcConnectionAccess@28babeca] for (non-JTA) DDL execution was not in auto-commit mode; the Connection 'local transaction' will be committed and the Connection will be set into auto-commit mode.
2024-12-27 16:00:57 [main] INFO  o.h.e.t.j.p.i.JtaPlatformInitiator - HHH000490: Using JtaPlatform implementation: [org.hibernate.engine.transaction.jta.platform.internal.NoJtaPlatform]
2024-12-27 16:01:46 [main] INFO  org.hibernate.Version - HHH000412: Hibernate ORM core version 6.0.0.Alpha7
2024-12-27 16:01:46 [main] INFO  o.h.annotations.common.Version - HCANN000001: Hibernate Commons Annotations {5.1.2.Final}
2024-12-27 16:01:46 [main] INFO  o.hibernate.orm.connections.pooling - HHH10001005: Loaded JDBC driver class: com.mysql.cj.jdbc.Driver
2024-12-27 16:01:46 [main] INFO  o.hibernate.orm.connections.pooling - HHH10001012: Connecting with JDBC URL [jdbc:mysql://localhost:3307/test]
2024-12-27 16:01:46 [main] INFO  o.hibernate.orm.connections.pooling - HHH10001001: Connection properties: {password=wisp0423, user=michael}
2024-12-27 16:01:46 [main] INFO  o.hibernate.orm.connections.pooling - HHH10001003: Autocommit mode: false
2024-12-27 16:01:46 [main] INFO  o.hibernate.orm.connections.pooling - HHH10001115: Connection pool size: 20 (min=1)
2024-12-27 16:01:47 [main] INFO  org.hibernate.orm.connections.access - HHH10001501: Connection obtained from JdbcConnectionAccess [org.hibernate.engine.jdbc.env.internal.JdbcEnvironmentInitiator$ConnectionProviderJdbcConnectionAccess@28babeca] for (non-JTA) DDL execution was not in auto-commit mode; the Connection 'local transaction' will be committed and the Connection will be set into auto-commit mode.
2024-12-27 16:01:47 [main] INFO  o.h.e.t.j.p.i.JtaPlatformInitiator - HHH000490: Using JtaPlatform implementation: [org.hibernate.engine.transaction.jta.platform.internal.NoJtaPlatform]
2024-12-27 16:04:04 [main] INFO  org.hibernate.Version - HHH000412: Hibernate ORM core version 6.0.0.Alpha7
2024-12-27 16:04:04 [main] INFO  o.h.annotations.common.Version - HCANN000001: Hibernate Commons Annotations {5.1.2.Final}
2024-12-27 16:04:04 [main] INFO  o.hibernate.orm.connections.pooling - HHH10001005: Loaded JDBC driver class: com.mysql.cj.jdbc.Driver
2024-12-27 16:04:04 [main] INFO  o.hibernate.orm.connections.pooling - HHH10001012: Connecting with JDBC URL [jdbc:mysql://localhost:3307/test]
2024-12-27 16:04:04 [main] INFO  o.hibernate.orm.connections.pooling - HHH10001001: Connection properties: {password=wisp0423, user=michael}
2024-12-27 16:04:04 [main] INFO  o.hibernate.orm.connections.pooling - HHH10001003: Autocommit mode: false
2024-12-27 16:04:04 [main] INFO  o.hibernate.orm.connections.pooling - HHH10001115: Connection pool size: 20 (min=1)
2024-12-27 16:04:05 [main] INFO  org.hibernate.orm.connections.access - HHH10001501: Connection obtained from JdbcConnectionAccess [org.hibernate.engine.jdbc.env.internal.JdbcEnvironmentInitiator$ConnectionProviderJdbcConnectionAccess@28babeca] for (non-JTA) DDL execution was not in auto-commit mode; the Connection 'local transaction' will be committed and the Connection will be set into auto-commit mode.
2024-12-27 16:04:05 [main] INFO  o.h.e.t.j.p.i.JtaPlatformInitiator - HHH000490: Using JtaPlatform implementation: [org.hibernate.engine.transaction.jta.platform.internal.NoJtaPlatform]
2024-12-27 16:25:32 [main] INFO  org.hibernate.Version - HHH000412: Hibernate ORM core version 6.0.0.Alpha7
2024-12-27 16:25:32 [main] INFO  o.h.annotations.common.Version - HCANN000001: Hibernate Commons Annotations {5.1.2.Final}
2024-12-27 16:25:32 [main] INFO  o.hibernate.orm.connections.pooling - HHH10001005: Loaded JDBC driver class: com.mysql.cj.jdbc.Driver
2024-12-27 16:25:32 [main] INFO  o.hibernate.orm.connections.pooling - HHH10001012: Connecting with JDBC URL [jdbc:mysql://localhost:3307/test]
2024-12-27 16:25:32 [main] INFO  o.hibernate.orm.connections.pooling - HHH10001001: Connection properties: {password=wisp0423, user=michael}
2024-12-27 16:25:32 [main] INFO  o.hibernate.orm.connections.pooling - HHH10001003: Autocommit mode: false
2024-12-27 16:25:32 [main] INFO  o.hibernate.orm.connections.pooling - HHH10001115: Connection pool size: 20 (min=1)
2024-12-27 16:25:33 [main] INFO  org.hibernate.orm.connections.access - HHH10001501: Connection obtained from JdbcConnectionAccess [org.hibernate.engine.jdbc.env.internal.JdbcEnvironmentInitiator$ConnectionProviderJdbcConnectionAccess@401c4250] for (non-JTA) DDL execution was not in auto-commit mode; the Connection 'local transaction' will be committed and the Connection will be set into auto-commit mode.
2024-12-27 16:25:33 [main] INFO  o.h.e.t.j.p.i.JtaPlatformInitiator - HHH000490: Using JtaPlatform implementation: [org.hibernate.engine.transaction.jta.platform.internal.NoJtaPlatform]
2024-12-27 16:34:22 [main] INFO  org.hibernate.Version - HHH000412: Hibernate ORM core version 6.0.0.Alpha7
2024-12-27 16:34:22 [main] INFO  o.h.annotations.common.Version - HCANN000001: Hibernate Commons Annotations {5.1.2.Final}
2024-12-27 16:34:22 [main] INFO  o.hibernate.orm.connections.pooling - HHH10001005: Loaded JDBC driver class: com.mysql.cj.jdbc.Driver
2024-12-27 16:34:22 [main] INFO  o.hibernate.orm.connections.pooling - HHH10001012: Connecting with JDBC URL [jdbc:mysql://localhost:3307/test]
2024-12-27 16:34:22 [main] INFO  o.hibernate.orm.connections.pooling - HHH10001001: Connection properties: {password=wisp0423, user=michael}
2024-12-27 16:34:22 [main] INFO  o.hibernate.orm.connections.pooling - HHH10001003: Autocommit mode: false
2024-12-27 16:34:22 [main] INFO  o.hibernate.orm.connections.pooling - HHH10001115: Connection pool size: 20 (min=1)
2024-12-27 16:34:23 [main] INFO  org.hibernate.orm.connections.access - HHH10001501: Connection obtained from JdbcConnectionAccess [org.hibernate.engine.jdbc.env.internal.JdbcEnvironmentInitiator$ConnectionProviderJdbcConnectionAccess@6e02721d] for (non-JTA) DDL execution was not in auto-commit mode; the Connection 'local transaction' will be committed and the Connection will be set into auto-commit mode.
2024-12-27 16:34:23 [main] INFO  o.h.e.t.j.p.i.JtaPlatformInitiator - HHH000490: Using JtaPlatform implementation: [org.hibernate.engine.transaction.jta.platform.internal.NoJtaPlatform]
2024-12-27 16:37:43 [main] INFO  org.hibernate.Version - HHH000412: Hibernate ORM core version 6.0.0.Alpha7
2024-12-27 16:37:43 [main] INFO  o.h.annotations.common.Version - HCANN000001: Hibernate Commons Annotations {5.1.2.Final}
2024-12-27 16:37:44 [main] INFO  o.hibernate.orm.connections.pooling - HHH10001005: Loaded JDBC driver class: com.mysql.cj.jdbc.Driver
2024-12-27 16:37:44 [main] INFO  o.hibernate.orm.connections.pooling - HHH10001012: Connecting with JDBC URL [jdbc:mysql://localhost:3307/test]
2024-12-27 16:37:44 [main] INFO  o.hibernate.orm.connections.pooling - HHH10001001: Connection properties: {password=wisp0423, user=michael}
2024-12-27 16:37:44 [main] INFO  o.hibernate.orm.connections.pooling - HHH10001003: Autocommit mode: false
2024-12-27 16:37:44 [main] INFO  o.hibernate.orm.connections.pooling - HHH10001115: Connection pool size: 20 (min=1)
2024-12-27 16:37:44 [main] INFO  org.hibernate.orm.connections.access - HHH10001501: Connection obtained from JdbcConnectionAccess [org.hibernate.engine.jdbc.env.internal.JdbcEnvironmentInitiator$ConnectionProviderJdbcConnectionAccess@6e02721d] for (non-JTA) DDL execution was not in auto-commit mode; the Connection 'local transaction' will be committed and the Connection will be set into auto-commit mode.
2024-12-27 16:37:44 [main] INFO  o.h.e.t.j.p.i.JtaPlatformInitiator - HHH000490: Using JtaPlatform implementation: [org.hibernate.engine.transaction.jta.platform.internal.NoJtaPlatform]
2024-12-27 16:38:57 [main] INFO  org.hibernate.Version - HHH000412: Hibernate ORM core version 6.0.0.Alpha7
2024-12-27 16:38:58 [main] INFO  o.h.annotations.common.Version - HCANN000001: Hibernate Commons Annotations {5.1.2.Final}
2024-12-27 16:38:58 [main] INFO  o.hibernate.orm.connections.pooling - HHH10001005: Loaded JDBC driver class: com.mysql.cj.jdbc.Driver
2024-12-27 16:38:58 [main] INFO  o.hibernate.orm.connections.pooling - HHH10001012: Connecting with JDBC URL [jdbc:mysql://localhost:3307/test]
2024-12-27 16:38:58 [main] INFO  o.hibernate.orm.connections.pooling - HHH10001001: Connection properties: {password=wisp0423, user=michael}
2024-12-27 16:38:58 [main] INFO  o.hibernate.orm.connections.pooling - HHH10001003: Autocommit mode: false
2024-12-27 16:38:58 [main] INFO  o.hibernate.orm.connections.pooling - HHH10001115: Connection pool size: 20 (min=1)
2024-12-27 16:38:58 [main] INFO  org.hibernate.orm.connections.access - HHH10001501: Connection obtained from JdbcConnectionAccess [org.hibernate.engine.jdbc.env.internal.JdbcEnvironmentInitiator$ConnectionProviderJdbcConnectionAccess@6e02721d] for (non-JTA) DDL execution was not in auto-commit mode; the Connection 'local transaction' will be committed and the Connection will be set into auto-commit mode.
2024-12-27 16:38:58 [main] INFO  o.h.e.t.j.p.i.JtaPlatformInitiator - HHH000490: Using JtaPlatform implementation: [org.hibernate.engine.transaction.jta.platform.internal.NoJtaPlatform]
2024-12-27 16:42:53 [main] INFO  org.hibernate.Version - HHH000412: Hibernate ORM core version 6.0.0.Alpha7
2024-12-27 16:42:53 [main] INFO  o.h.annotations.common.Version - HCANN000001: Hibernate Commons Annotations {5.1.2.Final}
2024-12-27 16:42:53 [main] INFO  o.hibernate.orm.connections.pooling - HHH10001005: Loaded JDBC driver class: com.mysql.cj.jdbc.Driver
2024-12-27 16:42:53 [main] INFO  o.hibernate.orm.connections.pooling - HHH10001012: Connecting with JDBC URL [jdbc:mysql://localhost:3307/test]
2024-12-27 16:42:53 [main] INFO  o.hibernate.orm.connections.pooling - HHH10001001: Connection properties: {password=wisp0423, user=michael}
2024-12-27 16:42:53 [main] INFO  o.hibernate.orm.connections.pooling - HHH10001003: Autocommit mode: false
2024-12-27 16:42:53 [main] INFO  o.hibernate.orm.connections.pooling - HHH10001115: Connection pool size: 20 (min=1)
2024-12-27 16:42:54 [main] INFO  org.hibernate.orm.connections.access - HHH10001501: Connection obtained from JdbcConnectionAccess [org.hibernate.engine.jdbc.env.internal.JdbcEnvironmentInitiator$ConnectionProviderJdbcConnectionAccess@12417468] for (non-JTA) DDL execution was not in auto-commit mode; the Connection 'local transaction' will be committed and the Connection will be set into auto-commit mode.
2024-12-27 16:42:54 [main] INFO  o.h.e.t.j.p.i.JtaPlatformInitiator - HHH000490: Using JtaPlatform implementation: [org.hibernate.engine.transaction.jta.platform.internal.NoJtaPlatform]
2024-12-27 17:06:31 [main] INFO  org.hibernate.Version - HHH000412: Hibernate ORM core version 6.0.0.Alpha7
2024-12-27 17:06:32 [main] INFO  o.h.annotations.common.Version - HCANN000001: Hibernate Commons Annotations {5.1.2.Final}
2024-12-27 17:06:32 [main] INFO  o.hibernate.orm.connections.pooling - HHH10001005: Loaded JDBC driver class: com.mysql.cj.jdbc.Driver
2024-12-27 17:06:32 [main] INFO  o.hibernate.orm.connections.pooling - HHH10001012: Connecting with JDBC URL [jdbc:mysql://localhost:3307/test]
2024-12-27 17:06:32 [main] INFO  o.hibernate.orm.connections.pooling - HHH10001001: Connection properties: {password=wisp0423, user=michael}
2024-12-27 17:06:32 [main] INFO  o.hibernate.orm.connections.pooling - HHH10001003: Autocommit mode: false
2024-12-27 17:06:32 [main] INFO  o.hibernate.orm.connections.pooling - HHH10001115: Connection pool size: 20 (min=1)
2024-12-27 17:06:32 [main] INFO  org.hibernate.orm.connections.access - HHH10001501: Connection obtained from JdbcConnectionAccess [org.hibernate.engine.jdbc.env.internal.JdbcEnvironmentInitiator$ConnectionProviderJdbcConnectionAccess@12417468] for (non-JTA) DDL execution was not in auto-commit mode; the Connection 'local transaction' will be committed and the Connection will be set into auto-commit mode.
2024-12-27 17:06:32 [main] INFO  o.h.e.t.j.p.i.JtaPlatformInitiator - HHH000490: Using JtaPlatform implementation: [org.hibernate.engine.transaction.jta.platform.internal.NoJtaPlatform]
2024-12-27 17:09:31 [main] INFO  org.hibernate.Version - HHH000412: Hibernate ORM core version 6.0.0.Alpha7
2024-12-27 17:09:32 [main] INFO  o.h.annotations.common.Version - HCANN000001: Hibernate Commons Annotations {5.1.2.Final}
2024-12-27 17:09:32 [main] INFO  o.hibernate.orm.connections.pooling - HHH10001005: Loaded JDBC driver class: com.mysql.cj.jdbc.Driver
2024-12-27 17:09:32 [main] INFO  o.hibernate.orm.connections.pooling - HHH10001012: Connecting with JDBC URL [jdbc:mysql://localhost:3307/test]
2024-12-27 17:09:32 [main] INFO  o.hibernate.orm.connections.pooling - HHH10001001: Connection properties: {password=wisp0423, user=michael}
2024-12-27 17:09:32 [main] INFO  o.hibernate.orm.connections.pooling - HHH10001003: Autocommit mode: false
2024-12-27 17:09:32 [main] INFO  o.hibernate.orm.connections.pooling - HHH10001115: Connection pool size: 20 (min=1)
2024-12-27 17:09:33 [main] INFO  org.hibernate.orm.connections.access - HHH10001501: Connection obtained from JdbcConnectionAccess [org.hibernate.engine.jdbc.env.internal.JdbcEnvironmentInitiator$ConnectionProviderJdbcConnectionAccess@1118d539] for (non-JTA) DDL execution was not in auto-commit mode; the Connection 'local transaction' will be committed and the Connection will be set into auto-commit mode.
2024-12-27 17:09:33 [main] INFO  o.h.e.t.j.p.i.JtaPlatformInitiator - HHH000490: Using JtaPlatform implementation: [org.hibernate.engine.transaction.jta.platform.internal.NoJtaPlatform]
2024-12-27 17:13:56 [main] INFO  org.hibernate.Version - HHH000412: Hibernate ORM core version 6.0.0.Alpha7
2024-12-27 17:13:57 [main] INFO  o.h.annotations.common.Version - HCANN000001: Hibernate Commons Annotations {5.1.2.Final}
2024-12-27 17:13:57 [main] INFO  o.hibernate.orm.connections.pooling - HHH10001005: Loaded JDBC driver class: com.mysql.cj.jdbc.Driver
2024-12-27 17:13:57 [main] INFO  o.hibernate.orm.connections.pooling - HHH10001012: Connecting with JDBC URL [jdbc:mysql://localhost:3307/test]
2024-12-27 17:13:57 [main] INFO  o.hibernate.orm.connections.pooling - HHH10001001: Connection properties: {password=wisp0423, user=michael}
2024-12-27 17:13:57 [main] INFO  o.hibernate.orm.connections.pooling - HHH10001003: Autocommit mode: false
2024-12-27 17:13:57 [main] INFO  o.hibernate.orm.connections.pooling - HHH10001115: Connection pool size: 20 (min=1)
2024-12-27 17:13:58 [main] INFO  org.hibernate.orm.connections.access - HHH10001501: Connection obtained from JdbcConnectionAccess [org.hibernate.engine.jdbc.env.internal.JdbcEnvironmentInitiator$ConnectionProviderJdbcConnectionAccess@1118d539] for (non-JTA) DDL execution was not in auto-commit mode; the Connection 'local transaction' will be committed and the Connection will be set into auto-commit mode.
2024-12-27 17:13:58 [main] INFO  o.h.e.t.j.p.i.JtaPlatformInitiator - HHH000490: Using JtaPlatform implementation: [org.hibernate.engine.transaction.jta.platform.internal.NoJtaPlatform]
2024-12-27 17:17:25 [main] INFO  org.hibernate.Version - HHH000412: Hibernate ORM core version 6.0.0.Alpha7
2024-12-27 17:17:25 [main] INFO  o.h.annotations.common.Version - HCANN000001: Hibernate Commons Annotations {5.1.2.Final}
2024-12-27 17:17:26 [main] INFO  o.hibernate.orm.connections.pooling - HHH10001005: Loaded JDBC driver class: com.mysql.cj.jdbc.Driver
2024-12-27 17:17:26 [main] INFO  o.hibernate.orm.connections.pooling - HHH10001012: Connecting with JDBC URL [jdbc:mysql://localhost:3307/test]
2024-12-27 17:17:26 [main] INFO  o.hibernate.orm.connections.pooling - HHH10001001: Connection properties: {password=wisp0423, user=michael}
2024-12-27 17:17:26 [main] INFO  o.hibernate.orm.connections.pooling - HHH10001003: Autocommit mode: false
2024-12-27 17:17:26 [main] INFO  o.hibernate.orm.connections.pooling - HHH10001115: Connection pool size: 20 (min=1)
2024-12-27 17:17:26 [main] INFO  org.hibernate.orm.connections.access - HHH10001501: Connection obtained from JdbcConnectionAccess [org.hibernate.engine.jdbc.env.internal.JdbcEnvironmentInitiator$ConnectionProviderJdbcConnectionAccess@12417468] for (non-JTA) DDL execution was not in auto-commit mode; the Connection 'local transaction' will be committed and the Connection will be set into auto-commit mode.
2024-12-27 17:17:26 [main] INFO  o.h.e.t.j.p.i.JtaPlatformInitiator - HHH000490: Using JtaPlatform implementation: [org.hibernate.engine.transaction.jta.platform.internal.NoJtaPlatform]
2024-12-27 17:20:26 [main] INFO  org.hibernate.Version - HHH000412: Hibernate ORM core version 6.0.0.Alpha7
2024-12-27 17:20:27 [main] INFO  o.h.annotations.common.Version - HCANN000001: Hibernate Commons Annotations {5.1.2.Final}
2024-12-27 17:20:27 [main] INFO  o.hibernate.orm.connections.pooling - HHH10001005: Loaded JDBC driver class: com.mysql.cj.jdbc.Driver
2024-12-27 17:20:27 [main] INFO  o.hibernate.orm.connections.pooling - HHH10001012: Connecting with JDBC URL [jdbc:mysql://localhost:3307/test]
2024-12-27 17:20:27 [main] INFO  o.hibernate.orm.connections.pooling - HHH10001001: Connection properties: {password=wisp0423, user=michael}
2024-12-27 17:20:27 [main] INFO  o.hibernate.orm.connections.pooling - HHH10001003: Autocommit mode: false
2024-12-27 17:20:27 [main] INFO  o.hibernate.orm.connections.pooling - HHH10001115: Connection pool size: 20 (min=1)
2024-12-27 17:20:27 [main] INFO  org.hibernate.orm.connections.access - HHH10001501: Connection obtained from JdbcConnectionAccess [org.hibernate.engine.jdbc.env.internal.JdbcEnvironmentInitiator$ConnectionProviderJdbcConnectionAccess@12417468] for (non-JTA) DDL execution was not in auto-commit mode; the Connection 'local transaction' will be committed and the Connection will be set into auto-commit mode.
2024-12-27 17:20:27 [main] INFO  o.h.e.t.j.p.i.JtaPlatformInitiator - HHH000490: Using JtaPlatform implementation: [org.hibernate.engine.transaction.jta.platform.internal.NoJtaPlatform]
2024-12-27 17:22:07 [main] INFO  org.hibernate.Version - HHH000412: Hibernate ORM core version 6.0.0.Alpha7
2024-12-27 17:22:07 [main] INFO  o.h.annotations.common.Version - HCANN000001: Hibernate Commons Annotations {5.1.2.Final}
2024-12-27 17:22:07 [main] INFO  o.hibernate.orm.connections.pooling - HHH10001005: Loaded JDBC driver class: com.mysql.cj.jdbc.Driver
2024-12-27 17:22:07 [main] INFO  o.hibernate.orm.connections.pooling - HHH10001012: Connecting with JDBC URL [jdbc:mysql://localhost:3307/test]
2024-12-27 17:22:07 [main] INFO  o.hibernate.orm.connections.pooling - HHH10001001: Connection properties: {password=wisp0423, user=michael}
2024-12-27 17:22:07 [main] INFO  o.hibernate.orm.connections.pooling - HHH10001003: Autocommit mode: false
2024-12-27 17:22:07 [main] INFO  o.hibernate.orm.connections.pooling - HHH10001115: Connection pool size: 20 (min=1)
2024-12-27 17:22:08 [main] INFO  org.hibernate.orm.connections.access - HHH10001501: Connection obtained from JdbcConnectionAccess [org.hibernate.engine.jdbc.env.internal.JdbcEnvironmentInitiator$ConnectionProviderJdbcConnectionAccess@12417468] for (non-JTA) DDL execution was not in auto-commit mode; the Connection 'local transaction' will be committed and the Connection will be set into auto-commit mode.
2024-12-27 17:22:08 [main] INFO  o.h.e.t.j.p.i.JtaPlatformInitiator - HHH000490: Using JtaPlatform implementation: [org.hibernate.engine.transaction.jta.platform.internal.NoJtaPlatform]
2024-12-27 17:23:02 [main] INFO  org.hibernate.Version - HHH000412: Hibernate ORM core version 6.0.0.Alpha7
2024-12-27 17:23:02 [main] INFO  o.h.annotations.common.Version - HCANN000001: Hibernate Commons Annotations {5.1.2.Final}
2024-12-27 17:23:02 [main] INFO  o.hibernate.orm.connections.pooling - HHH10001005: Loaded JDBC driver class: com.mysql.cj.jdbc.Driver
2024-12-27 17:23:02 [main] INFO  o.hibernate.orm.connections.pooling - HHH10001012: Connecting with JDBC URL [jdbc:mysql://localhost:3307/test]
2024-12-27 17:23:02 [main] INFO  o.hibernate.orm.connections.pooling - HHH10001001: Connection properties: {password=wisp0423, user=michael}
2024-12-27 17:23:02 [main] INFO  o.hibernate.orm.connections.pooling - HHH10001003: Autocommit mode: false
2024-12-27 17:23:02 [main] INFO  o.hibernate.orm.connections.pooling - HHH10001115: Connection pool size: 20 (min=1)
2024-12-27 17:23:03 [main] INFO  org.hibernate.orm.connections.access - HHH10001501: Connection obtained from JdbcConnectionAccess [org.hibernate.engine.jdbc.env.internal.JdbcEnvironmentInitiator$ConnectionProviderJdbcConnectionAccess@12417468] for (non-JTA) DDL execution was not in auto-commit mode; the Connection 'local transaction' will be committed and the Connection will be set into auto-commit mode.
2024-12-27 17:23:03 [main] INFO  o.h.e.t.j.p.i.JtaPlatformInitiator - HHH000490: Using JtaPlatform implementation: [org.hibernate.engine.transaction.jta.platform.internal.NoJtaPlatform]
2024-12-27 17:37:00 [main] INFO  org.hibernate.Version - HHH000412: Hibernate ORM core version 6.0.0.Alpha7
2024-12-27 17:37:00 [main] INFO  o.h.annotations.common.Version - HCANN000001: Hibernate Commons Annotations {5.1.2.Final}
2024-12-27 17:37:00 [main] INFO  o.hibernate.orm.connections.pooling - HHH10001005: Loaded JDBC driver class: com.mysql.cj.jdbc.Driver
2024-12-27 17:37:00 [main] INFO  o.hibernate.orm.connections.pooling - HHH10001012: Connecting with JDBC URL [jdbc:mysql://localhost:3307/test]
2024-12-27 17:37:00 [main] INFO  o.hibernate.orm.connections.pooling - HHH10001001: Connection properties: {password=wisp0423, user=michael}
2024-12-27 17:37:00 [main] INFO  o.hibernate.orm.connections.pooling - HHH10001003: Autocommit mode: false
2024-12-27 17:37:00 [main] INFO  o.hibernate.orm.connections.pooling - HHH10001115: Connection pool size: 20 (min=1)
2024-12-27 17:37:01 [main] INFO  org.hibernate.orm.connections.access - HHH10001501: Connection obtained from JdbcConnectionAccess [org.hibernate.engine.jdbc.env.internal.JdbcEnvironmentInitiator$ConnectionProviderJdbcConnectionAccess@12417468] for (non-JTA) DDL execution was not in auto-commit mode; the Connection 'local transaction' will be committed and the Connection will be set into auto-commit mode.
2024-12-27 17:37:01 [main] INFO  o.h.e.t.j.p.i.JtaPlatformInitiator - HHH000490: Using JtaPlatform implementation: [org.hibernate.engine.transaction.jta.platform.internal.NoJtaPlatform]
2024-12-27 17:37:38 [main] INFO  org.hibernate.Version - HHH000412: Hibernate ORM core version 6.0.0.Alpha7
2024-12-27 17:37:39 [main] INFO  o.h.annotations.common.Version - HCANN000001: Hibernate Commons Annotations {5.1.2.Final}
2024-12-27 17:37:39 [main] INFO  o.hibernate.orm.connections.pooling - HHH10001005: Loaded JDBC driver class: com.mysql.cj.jdbc.Driver
2024-12-27 17:37:39 [main] INFO  o.hibernate.orm.connections.pooling - HHH10001012: Connecting with JDBC URL [jdbc:mysql://localhost:3307/test]
2024-12-27 17:37:39 [main] INFO  o.hibernate.orm.connections.pooling - HHH10001001: Connection properties: {password=wisp0423, user=michael}
2024-12-27 17:37:39 [main] INFO  o.hibernate.orm.connections.pooling - HHH10001003: Autocommit mode: false
2024-12-27 17:37:39 [main] INFO  o.hibernate.orm.connections.pooling - HHH10001115: Connection pool size: 20 (min=1)
2024-12-27 17:37:39 [main] INFO  org.hibernate.orm.connections.access - HHH10001501: Connection obtained from JdbcConnectionAccess [org.hibernate.engine.jdbc.env.internal.JdbcEnvironmentInitiator$ConnectionProviderJdbcConnectionAccess@12417468] for (non-JTA) DDL execution was not in auto-commit mode; the Connection 'local transaction' will be committed and the Connection will be set into auto-commit mode.
2024-12-27 17:37:39 [main] INFO  o.h.e.t.j.p.i.JtaPlatformInitiator - HHH000490: Using JtaPlatform implementation: [org.hibernate.engine.transaction.jta.platform.internal.NoJtaPlatform]
2024-12-27 17:41:37 [main] INFO  org.hibernate.Version - HHH000412: Hibernate ORM core version 6.0.0.Alpha7
2024-12-27 17:41:37 [main] INFO  o.h.annotations.common.Version - HCANN000001: Hibernate Commons Annotations {5.1.2.Final}
2024-12-27 17:41:37 [main] INFO  o.hibernate.orm.connections.pooling - HHH10001005: Loaded JDBC driver class: com.mysql.cj.jdbc.Driver
2024-12-27 17:41:37 [main] INFO  o.hibernate.orm.connections.pooling - HHH10001012: Connecting with JDBC URL [jdbc:mysql://localhost:3307/test]
2024-12-27 17:41:37 [main] INFO  o.hibernate.orm.connections.pooling - HHH10001001: Connection properties: {password=wisp0423, user=michael}
2024-12-27 17:41:37 [main] INFO  o.hibernate.orm.connections.pooling - HHH10001003: Autocommit mode: false
2024-12-27 17:41:37 [main] INFO  o.hibernate.orm.connections.pooling - HHH10001115: Connection pool size: 20 (min=1)
2024-12-27 17:41:38 [main] INFO  org.hibernate.orm.connections.access - HHH10001501: Connection obtained from JdbcConnectionAccess [org.hibernate.engine.jdbc.env.internal.JdbcEnvironmentInitiator$ConnectionProviderJdbcConnectionAccess@12417468] for (non-JTA) DDL execution was not in auto-commit mode; the Connection 'local transaction' will be committed and the Connection will be set into auto-commit mode.
2024-12-27 17:41:38 [main] INFO  o.h.e.t.j.p.i.JtaPlatformInitiator - HHH000490: Using JtaPlatform implementation: [org.hibernate.engine.transaction.jta.platform.internal.NoJtaPlatform]
2024-12-27 17:42:14 [main] INFO  org.hibernate.Version - HHH000412: Hibernate ORM core version 6.0.0.Alpha7
2024-12-27 17:42:14 [main] INFO  o.h.annotations.common.Version - HCANN000001: Hibernate Commons Annotations {5.1.2.Final}
2024-12-27 17:42:14 [main] INFO  o.hibernate.orm.connections.pooling - HHH10001005: Loaded JDBC driver class: com.mysql.cj.jdbc.Driver
2024-12-27 17:42:14 [main] INFO  o.hibernate.orm.connections.pooling - HHH10001012: Connecting with JDBC URL [jdbc:mysql://localhost:3307/test]
2024-12-27 17:42:14 [main] INFO  o.hibernate.orm.connections.pooling - HHH10001001: Connection properties: {password=wisp0423, user=michael}
2024-12-27 17:42:14 [main] INFO  o.hibernate.orm.connections.pooling - HHH10001003: Autocommit mode: false
2024-12-27 17:42:14 [main] INFO  o.hibernate.orm.connections.pooling - HHH10001115: Connection pool size: 20 (min=1)
2024-12-27 17:42:15 [main] INFO  org.hibernate.orm.connections.access - HHH10001501: Connection obtained from JdbcConnectionAccess [org.hibernate.engine.jdbc.env.internal.JdbcEnvironmentInitiator$ConnectionProviderJdbcConnectionAccess@12417468] for (non-JTA) DDL execution was not in auto-commit mode; the Connection 'local transaction' will be committed and the Connection will be set into auto-commit mode.
2024-12-27 17:42:15 [main] INFO  o.h.e.t.j.p.i.JtaPlatformInitiator - HHH000490: Using JtaPlatform implementation: [org.hibernate.engine.transaction.jta.platform.internal.NoJtaPlatform]
2024-12-27 17:43:08 [main] INFO  org.hibernate.Version - HHH000412: Hibernate ORM core version 6.0.0.Alpha7
2024-12-27 17:43:08 [main] INFO  o.h.annotations.common.Version - HCANN000001: Hibernate Commons Annotations {5.1.2.Final}
2024-12-27 17:43:08 [main] INFO  o.hibernate.orm.connections.pooling - HHH10001005: Loaded JDBC driver class: com.mysql.cj.jdbc.Driver
2024-12-27 17:43:08 [main] INFO  o.hibernate.orm.connections.pooling - HHH10001012: Connecting with JDBC URL [jdbc:mysql://localhost:3307/test]
2024-12-27 17:43:08 [main] INFO  o.hibernate.orm.connections.pooling - HHH10001001: Connection properties: {password=wisp0423, user=michael}
2024-12-27 17:43:08 [main] INFO  o.hibernate.orm.connections.pooling - HHH10001003: Autocommit mode: false
2024-12-27 17:43:08 [main] INFO  o.hibernate.orm.connections.pooling - HHH10001115: Connection pool size: 20 (min=1)
2024-12-27 17:43:09 [main] INFO  org.hibernate.orm.connections.access - HHH10001501: Connection obtained from JdbcConnectionAccess [org.hibernate.engine.jdbc.env.internal.JdbcEnvironmentInitiator$ConnectionProviderJdbcConnectionAccess@12417468] for (non-JTA) DDL execution was not in auto-commit mode; the Connection 'local transaction' will be committed and the Connection will be set into auto-commit mode.
2024-12-27 17:43:09 [main] INFO  o.h.e.t.j.p.i.JtaPlatformInitiator - HHH000490: Using JtaPlatform implementation: [org.hibernate.engine.transaction.jta.platform.internal.NoJtaPlatform]
2024-12-27 17:44:48 [main] INFO  org.hibernate.Version - HHH000412: Hibernate ORM core version 6.0.0.Alpha7
2024-12-27 17:44:48 [main] INFO  o.h.annotations.common.Version - HCANN000001: Hibernate Commons Annotations {5.1.2.Final}
2024-12-27 17:44:48 [main] INFO  o.hibernate.orm.connections.pooling - HHH10001005: Loaded JDBC driver class: com.mysql.cj.jdbc.Driver
2024-12-27 17:44:48 [main] INFO  o.hibernate.orm.connections.pooling - HHH10001012: Connecting with JDBC URL [jdbc:mysql://localhost:3307/test]
2024-12-27 17:44:48 [main] INFO  o.hibernate.orm.connections.pooling - HHH10001001: Connection properties: {password=wisp0423, user=michael}
2024-12-27 17:44:48 [main] INFO  o.hibernate.orm.connections.pooling - HHH10001003: Autocommit mode: false
2024-12-27 17:44:48 [main] INFO  o.hibernate.orm.connections.pooling - HHH10001115: Connection pool size: 20 (min=1)
2024-12-27 17:44:49 [main] INFO  org.hibernate.orm.connections.access - HHH10001501: Connection obtained from JdbcConnectionAccess [org.hibernate.engine.jdbc.env.internal.JdbcEnvironmentInitiator$ConnectionProviderJdbcConnectionAccess@12417468] for (non-JTA) DDL execution was not in auto-commit mode; the Connection 'local transaction' will be committed and the Connection will be set into auto-commit mode.
2024-12-27 17:44:49 [main] INFO  o.h.e.t.j.p.i.JtaPlatformInitiator - HHH000490: Using JtaPlatform implementation: [org.hibernate.engine.transaction.jta.platform.internal.NoJtaPlatform]
2024-12-27 17:47:40 [main] INFO  org.hibernate.Version - HHH000412: Hibernate ORM core version 6.0.0.Alpha7
2024-12-27 17:47:40 [main] INFO  o.h.annotations.common.Version - HCANN000001: Hibernate Commons Annotations {5.1.2.Final}
2024-12-27 17:47:40 [main] INFO  o.hibernate.orm.connections.pooling - HHH10001005: Loaded JDBC driver class: com.mysql.cj.jdbc.Driver
2024-12-27 17:47:40 [main] INFO  o.hibernate.orm.connections.pooling - HHH10001012: Connecting with JDBC URL [jdbc:mysql://localhost:3307/test]
2024-12-27 17:47:40 [main] INFO  o.hibernate.orm.connections.pooling - HHH10001001: Connection properties: {password=wisp0423, user=michael}
2024-12-27 17:47:40 [main] INFO  o.hibernate.orm.connections.pooling - HHH10001003: Autocommit mode: false
2024-12-27 17:47:40 [main] INFO  o.hibernate.orm.connections.pooling - HHH10001115: Connection pool size: 20 (min=1)
2024-12-27 17:47:41 [main] INFO  org.hibernate.orm.connections.access - HHH10001501: Connection obtained from JdbcConnectionAccess [org.hibernate.engine.jdbc.env.internal.JdbcEnvironmentInitiator$ConnectionProviderJdbcConnectionAccess@12417468] for (non-JTA) DDL execution was not in auto-commit mode; the Connection 'local transaction' will be committed and the Connection will be set into auto-commit mode.
2024-12-27 17:47:41 [main] INFO  o.h.e.t.j.p.i.JtaPlatformInitiator - HHH000490: Using JtaPlatform implementation: [org.hibernate.engine.transaction.jta.platform.internal.NoJtaPlatform]
2024-12-27 17:53:14 [main] INFO  org.hibernate.Version - HHH000412: Hibernate ORM core version 6.0.0.Alpha7
2024-12-27 17:53:15 [main] INFO  o.h.annotations.common.Version - HCANN000001: Hibernate Commons Annotations {5.1.2.Final}
2024-12-27 17:53:15 [main] INFO  o.hibernate.orm.connections.pooling - HHH10001005: Loaded JDBC driver class: com.mysql.cj.jdbc.Driver
2024-12-27 17:53:15 [main] INFO  o.hibernate.orm.connections.pooling - HHH10001012: Connecting with JDBC URL [jdbc:mysql://localhost:3307/test]
2024-12-27 17:53:15 [main] INFO  o.hibernate.orm.connections.pooling - HHH10001001: Connection properties: {password=wisp0423, user=michael}
2024-12-27 17:53:15 [main] INFO  o.hibernate.orm.connections.pooling - HHH10001003: Autocommit mode: false
2024-12-27 17:53:15 [main] INFO  o.hibernate.orm.connections.pooling - HHH10001115: Connection pool size: 20 (min=1)
2024-12-27 17:53:15 [main] INFO  org.hibernate.orm.connections.access - HHH10001501: Connection obtained from JdbcConnectionAccess [org.hibernate.engine.jdbc.env.internal.JdbcEnvironmentInitiator$ConnectionProviderJdbcConnectionAccess@12417468] for (non-JTA) DDL execution was not in auto-commit mode; the Connection 'local transaction' will be committed and the Connection will be set into auto-commit mode.
2024-12-27 17:53:15 [main] INFO  o.h.e.t.j.p.i.JtaPlatformInitiator - HHH000490: Using JtaPlatform implementation: [org.hibernate.engine.transaction.jta.platform.internal.NoJtaPlatform]
2024-12-27 17:58:33 [main] INFO  org.hibernate.Version - HHH000412: Hibernate ORM core version 6.0.0.Alpha7
2024-12-27 17:58:34 [main] INFO  o.h.annotations.common.Version - HCANN000001: Hibernate Commons Annotations {5.1.2.Final}
2024-12-27 17:58:34 [main] INFO  o.hibernate.orm.connections.pooling - HHH10001005: Loaded JDBC driver class: com.mysql.cj.jdbc.Driver
2024-12-27 17:58:34 [main] INFO  o.hibernate.orm.connections.pooling - HHH10001012: Connecting with JDBC URL [jdbc:mysql://localhost:3307/test]
2024-12-27 17:58:34 [main] INFO  o.hibernate.orm.connections.pooling - HHH10001001: Connection properties: {password=wisp0423, user=michael}
2024-12-27 17:58:34 [main] INFO  o.hibernate.orm.connections.pooling - HHH10001003: Autocommit mode: false
2024-12-27 17:58:34 [main] INFO  o.hibernate.orm.connections.pooling - HHH10001115: Connection pool size: 20 (min=1)
2024-12-27 17:58:34 [main] INFO  org.hibernate.orm.connections.access - HHH10001501: Connection obtained from JdbcConnectionAccess [org.hibernate.engine.jdbc.env.internal.JdbcEnvironmentInitiator$ConnectionProviderJdbcConnectionAccess@12417468] for (non-JTA) DDL execution was not in auto-commit mode; the Connection 'local transaction' will be committed and the Connection will be set into auto-commit mode.
2024-12-27 17:58:34 [main] INFO  o.h.e.t.j.p.i.JtaPlatformInitiator - HHH000490: Using JtaPlatform implementation: [org.hibernate.engine.transaction.jta.platform.internal.NoJtaPlatform]
2024-12-27 18:09:26 [main] INFO  org.hibernate.Version - HHH000412: Hibernate ORM core version 6.0.0.Alpha7
2024-12-27 18:09:26 [main] INFO  o.h.annotations.common.Version - HCANN000001: Hibernate Commons Annotations {5.1.2.Final}
2024-12-27 18:09:26 [main] INFO  o.hibernate.orm.connections.pooling - HHH10001005: Loaded JDBC driver class: com.mysql.cj.jdbc.Driver
2024-12-27 18:09:26 [main] INFO  o.hibernate.orm.connections.pooling - HHH10001012: Connecting with JDBC URL [jdbc:mysql://localhost:3307/test]
2024-12-27 18:09:26 [main] INFO  o.hibernate.orm.connections.pooling - HHH10001001: Connection properties: {password=wisp0423, user=michael}
2024-12-27 18:09:26 [main] INFO  o.hibernate.orm.connections.pooling - HHH10001003: Autocommit mode: false
2024-12-27 18:09:26 [main] INFO  o.hibernate.orm.connections.pooling - HHH10001115: Connection pool size: 20 (min=1)
2024-12-27 18:09:27 [main] INFO  org.hibernate.orm.connections.access - HHH10001501: Connection obtained from JdbcConnectionAccess [org.hibernate.engine.jdbc.env.internal.JdbcEnvironmentInitiator$ConnectionProviderJdbcConnectionAccess@12417468] for (non-JTA) DDL execution was not in auto-commit mode; the Connection 'local transaction' will be committed and the Connection will be set into auto-commit mode.
2024-12-27 18:09:27 [main] INFO  o.h.e.t.j.p.i.JtaPlatformInitiator - HHH000490: Using JtaPlatform implementation: [org.hibernate.engine.transaction.jta.platform.internal.NoJtaPlatform]
2024-12-27 18:11:43 [main] INFO  org.hibernate.Version - HHH000412: Hibernate ORM core version 6.0.0.Alpha7
2024-12-27 18:11:43 [main] INFO  o.h.annotations.common.Version - HCANN000001: Hibernate Commons Annotations {5.1.2.Final}
2024-12-27 18:11:43 [main] INFO  o.hibernate.orm.connections.pooling - HHH10001005: Loaded JDBC driver class: com.mysql.cj.jdbc.Driver
2024-12-27 18:11:43 [main] INFO  o.hibernate.orm.connections.pooling - HHH10001012: Connecting with JDBC URL [jdbc:mysql://localhost:3307/test]
2024-12-27 18:11:43 [main] INFO  o.hibernate.orm.connections.pooling - HHH10001001: Connection properties: {password=wisp0423, user=michael}
2024-12-27 18:11:43 [main] INFO  o.hibernate.orm.connections.pooling - HHH10001003: Autocommit mode: false
2024-12-27 18:11:43 [main] INFO  o.hibernate.orm.connections.pooling - HHH10001115: Connection pool size: 20 (min=1)
2024-12-27 18:11:44 [main] INFO  org.hibernate.orm.connections.access - HHH10001501: Connection obtained from JdbcConnectionAccess [org.hibernate.engine.jdbc.env.internal.JdbcEnvironmentInitiator$ConnectionProviderJdbcConnectionAccess@12417468] for (non-JTA) DDL execution was not in auto-commit mode; the Connection 'local transaction' will be committed and the Connection will be set into auto-commit mode.
2024-12-27 18:11:44 [main] INFO  o.h.e.t.j.p.i.JtaPlatformInitiator - HHH000490: Using JtaPlatform implementation: [org.hibernate.engine.transaction.jta.platform.internal.NoJtaPlatform]
2024-12-27 18:12:56 [main] INFO  org.hibernate.Version - HHH000412: Hibernate ORM core version 6.0.0.Alpha7
2024-12-27 18:12:57 [main] INFO  o.h.annotations.common.Version - HCANN000001: Hibernate Commons Annotations {5.1.2.Final}
2024-12-27 18:12:57 [main] INFO  o.hibernate.orm.connections.pooling - HHH10001005: Loaded JDBC driver class: com.mysql.cj.jdbc.Driver
2024-12-27 18:12:57 [main] INFO  o.hibernate.orm.connections.pooling - HHH10001012: Connecting with JDBC URL [jdbc:mysql://localhost:3307/test]
2024-12-27 18:12:57 [main] INFO  o.hibernate.orm.connections.pooling - HHH10001001: Connection properties: {password=wisp0423, user=michael}
2024-12-27 18:12:57 [main] INFO  o.hibernate.orm.connections.pooling - HHH10001003: Autocommit mode: false
2024-12-27 18:12:57 [main] INFO  o.hibernate.orm.connections.pooling - HHH10001115: Connection pool size: 20 (min=1)
2024-12-27 18:12:57 [main] INFO  org.hibernate.orm.connections.access - HHH10001501: Connection obtained from JdbcConnectionAccess [org.hibernate.engine.jdbc.env.internal.JdbcEnvironmentInitiator$ConnectionProviderJdbcConnectionAccess@12417468] for (non-JTA) DDL execution was not in auto-commit mode; the Connection 'local transaction' will be committed and the Connection will be set into auto-commit mode.
2024-12-27 18:12:57 [main] INFO  o.h.e.t.j.p.i.JtaPlatformInitiator - HHH000490: Using JtaPlatform implementation: [org.hibernate.engine.transaction.jta.platform.internal.NoJtaPlatform]
2024-12-27 18:25:09 [main] INFO  org.hibernate.Version - HHH000412: Hibernate ORM core version 6.0.0.Alpha7
2024-12-27 18:25:10 [main] INFO  o.h.annotations.common.Version - HCANN000001: Hibernate Commons Annotations {5.1.2.Final}
2024-12-27 18:25:10 [main] INFO  o.hibernate.orm.connections.pooling - HHH10001005: Loaded JDBC driver class: com.mysql.cj.jdbc.Driver
2024-12-27 18:25:10 [main] INFO  o.hibernate.orm.connections.pooling - HHH10001012: Connecting with JDBC URL [jdbc:mysql://localhost:3307/test]
2024-12-27 18:25:10 [main] INFO  o.hibernate.orm.connections.pooling - HHH10001001: Connection properties: {password=wisp0423, user=michael}
2024-12-27 18:25:10 [main] INFO  o.hibernate.orm.connections.pooling - HHH10001003: Autocommit mode: false
2024-12-27 18:25:10 [main] INFO  o.hibernate.orm.connections.pooling - HHH10001115: Connection pool size: 20 (min=1)
2024-12-27 18:25:10 [main] INFO  org.hibernate.orm.connections.access - HHH10001501: Connection obtained from JdbcConnectionAccess [org.hibernate.engine.jdbc.env.internal.JdbcEnvironmentInitiator$ConnectionProviderJdbcConnectionAccess@12417468] for (non-JTA) DDL execution was not in auto-commit mode; the Connection 'local transaction' will be committed and the Connection will be set into auto-commit mode.
2024-12-27 18:25:10 [main] INFO  o.h.e.t.j.p.i.JtaPlatformInitiator - HHH000490: Using JtaPlatform implementation: [org.hibernate.engine.transaction.jta.platform.internal.NoJtaPlatform]
2024-12-27 18:25:44 [main] INFO  org.hibernate.Version - HHH000412: Hibernate ORM core version 6.0.0.Alpha7
2024-12-27 18:25:44 [main] INFO  o.h.annotations.common.Version - HCANN000001: Hibernate Commons Annotations {5.1.2.Final}
2024-12-27 18:25:44 [main] INFO  o.hibernate.orm.connections.pooling - HHH10001005: Loaded JDBC driver class: com.mysql.cj.jdbc.Driver
2024-12-27 18:25:44 [main] INFO  o.hibernate.orm.connections.pooling - HHH10001012: Connecting with JDBC URL [jdbc:mysql://localhost:3307/test]
2024-12-27 18:25:44 [main] INFO  o.hibernate.orm.connections.pooling - HHH10001001: Connection properties: {password=wisp0423, user=michael}
2024-12-27 18:25:44 [main] INFO  o.hibernate.orm.connections.pooling - HHH10001003: Autocommit mode: false
2024-12-27 18:25:44 [main] INFO  o.hibernate.orm.connections.pooling - HHH10001115: Connection pool size: 20 (min=1)
2024-12-27 18:25:45 [main] INFO  org.hibernate.orm.connections.access - HHH10001501: Connection obtained from JdbcConnectionAccess [org.hibernate.engine.jdbc.env.internal.JdbcEnvironmentInitiator$ConnectionProviderJdbcConnectionAccess@12417468] for (non-JTA) DDL execution was not in auto-commit mode; the Connection 'local transaction' will be committed and the Connection will be set into auto-commit mode.
2024-12-27 18:25:45 [main] INFO  o.h.e.t.j.p.i.JtaPlatformInitiator - HHH000490: Using JtaPlatform implementation: [org.hibernate.engine.transaction.jta.platform.internal.NoJtaPlatform]
2024-12-27 18:26:36 [main] INFO  org.hibernate.Version - HHH000412: Hibernate ORM core version 6.0.0.Alpha7
2024-12-27 18:26:37 [main] INFO  o.h.annotations.common.Version - HCANN000001: Hibernate Commons Annotations {5.1.2.Final}
2024-12-27 18:26:37 [main] INFO  o.hibernate.orm.connections.pooling - HHH10001005: Loaded JDBC driver class: com.mysql.cj.jdbc.Driver
2024-12-27 18:26:37 [main] INFO  o.hibernate.orm.connections.pooling - HHH10001012: Connecting with JDBC URL [jdbc:mysql://localhost:3307/test]
2024-12-27 18:26:37 [main] INFO  o.hibernate.orm.connections.pooling - HHH10001001: Connection properties: {password=wisp0423, user=michael}
2024-12-27 18:26:37 [main] INFO  o.hibernate.orm.connections.pooling - HHH10001003: Autocommit mode: false
2024-12-27 18:26:37 [main] INFO  o.hibernate.orm.connections.pooling - HHH10001115: Connection pool size: 20 (min=1)
2024-12-27 18:26:37 [main] INFO  org.hibernate.orm.connections.access - HHH10001501: Connection obtained from JdbcConnectionAccess [org.hibernate.engine.jdbc.env.internal.JdbcEnvironmentInitiator$ConnectionProviderJdbcConnectionAccess@12417468] for (non-JTA) DDL execution was not in auto-commit mode; the Connection 'local transaction' will be committed and the Connection will be set into auto-commit mode.
2024-12-27 18:26:37 [main] INFO  o.h.e.t.j.p.i.JtaPlatformInitiator - HHH000490: Using JtaPlatform implementation: [org.hibernate.engine.transaction.jta.platform.internal.NoJtaPlatform]
2024-12-27 18:28:59 [main] INFO  org.hibernate.Version - HHH000412: Hibernate ORM core version 6.0.0.Alpha7
2024-12-27 18:28:59 [main] INFO  o.h.annotations.common.Version - HCANN000001: Hibernate Commons Annotations {5.1.2.Final}
2024-12-27 18:28:59 [main] INFO  o.hibernate.orm.connections.pooling - HHH10001005: Loaded JDBC driver class: com.mysql.cj.jdbc.Driver
2024-12-27 18:28:59 [main] INFO  o.hibernate.orm.connections.pooling - HHH10001012: Connecting with JDBC URL [jdbc:mysql://localhost:3307/test]
2024-12-27 18:28:59 [main] INFO  o.hibernate.orm.connections.pooling - HHH10001001: Connection properties: {password=wisp0423, user=michael}
2024-12-27 18:28:59 [main] INFO  o.hibernate.orm.connections.pooling - HHH10001003: Autocommit mode: false
2024-12-27 18:28:59 [main] INFO  o.hibernate.orm.connections.pooling - HHH10001115: Connection pool size: 20 (min=1)
2024-12-27 18:29:00 [main] INFO  org.hibernate.orm.connections.access - HHH10001501: Connection obtained from JdbcConnectionAccess [org.hibernate.engine.jdbc.env.internal.JdbcEnvironmentInitiator$ConnectionProviderJdbcConnectionAccess@12417468] for (non-JTA) DDL execution was not in auto-commit mode; the Connection 'local transaction' will be committed and the Connection will be set into auto-commit mode.
2024-12-27 18:29:00 [main] INFO  o.h.e.t.j.p.i.JtaPlatformInitiator - HHH000490: Using JtaPlatform implementation: [org.hibernate.engine.transaction.jta.platform.internal.NoJtaPlatform]
2024-12-27 18:34:43 [main] INFO  org.hibernate.Version - HHH000412: Hibernate ORM core version 6.0.0.Alpha7
2024-12-27 18:34:43 [main] INFO  o.h.annotations.common.Version - HCANN000001: Hibernate Commons Annotations {5.1.2.Final}
2024-12-27 18:34:43 [main] INFO  o.hibernate.orm.connections.pooling - HHH10001005: Loaded JDBC driver class: com.mysql.cj.jdbc.Driver
2024-12-27 18:34:43 [main] INFO  o.hibernate.orm.connections.pooling - HHH10001012: Connecting with JDBC URL [jdbc:mysql://localhost:3307/test]
2024-12-27 18:34:43 [main] INFO  o.hibernate.orm.connections.pooling - HHH10001001: Connection properties: {password=wisp0423, user=michael}
2024-12-27 18:34:43 [main] INFO  o.hibernate.orm.connections.pooling - HHH10001003: Autocommit mode: false
2024-12-27 18:34:43 [main] INFO  o.hibernate.orm.connections.pooling - HHH10001115: Connection pool size: 20 (min=1)
2024-12-27 18:34:44 [main] INFO  org.hibernate.orm.connections.access - HHH10001501: Connection obtained from JdbcConnectionAccess [org.hibernate.engine.jdbc.env.internal.JdbcEnvironmentInitiator$ConnectionProviderJdbcConnectionAccess@12417468] for (non-JTA) DDL execution was not in auto-commit mode; the Connection 'local transaction' will be committed and the Connection will be set into auto-commit mode.
2024-12-27 18:34:44 [main] INFO  o.h.e.t.j.p.i.JtaPlatformInitiator - HHH000490: Using JtaPlatform implementation: [org.hibernate.engine.transaction.jta.platform.internal.NoJtaPlatform]
